# JRE version: Java(TM) SE Runtime Environment (8.0_231-b11) (build 1.8.0_231-b11)
# Java VM: Java HotSpot(TM) 64-Bit Server VM (25.231-b11 mixed mode windows-amd64 compressed oops)
Heap:
 PSYoungGen      total 214528K, used 59724K [0x00000000d6400000, 0x00000000e7b00000, 0x0000000100000000)
  eden space 197120K, 30% used [0x00000000d6400000,0x00000000d9e53328,0x00000000e2480000)
  from space 17408K, 0% used [0x00000000e2480000,0x00000000e2480000,0x00000000e3580000)
  to   space 18432K, 0% used [0x00000000e6900000,0x00000000e6900000,0x00000000e7b00000)
 ParOldGen       total 120832K, used 22893K [0x0000000082c00000, 0x000000008a200000, 0x00000000d6400000)
  object space 120832K, 18% used [0x0000000082c00000,0x000000008425b580,0x000000008a200000)
 Metaspace       used 59653K, capacity 62956K, committed 63144K, reserved 1103872K
  class space    used 8251K, capacity 8818K, committed 8872K, reserved 1048576K
GC Heap History (10 events):
Event: 3.793 GC heap before
{Heap before GC invocations=10 (full 1):
 PSYoungGen      total 166400K, used 26585K [0x00000000d6400000, 0x00000000e3080000, 0x0000000100000000)
  eden space 154624K, 10% used [0x00000000d6400000,0x00000000d7479cd0,0x00000000dfb00000)
  from space 11776K, 82% used [0x00000000e0780000,0x00000000e10fc9c0,0x00000000e1300000)
  to   space 12800K, 0% used [0x00000000dfb00000,0x00000000dfb00000,0x00000000e0780000)
 ParOldGen       total 59392K, used 9354K [0x0000000082c00000, 0x0000000086600000, 0x00000000d6400000)
  object space 59392K, 15% used [0x0000000082c00000,0x0000000083522bd0,0x0000000086600000)
 Metaspace       used 33566K, capacity 35438K, committed 35496K, reserved 1079296K
  class space    used 4426K, capacity 4765K, committed 4776K, reserved 1048576K
Event: 3.801 GC heap after
Heap after GC invocations=10 (full 1):
 PSYoungGen      total 167424K, used 8525K [0x00000000d6400000, 0x00000000e4500000, 0x0000000100000000)
  eden space 154624K, 0% used [0x00000000d6400000,0x00000000d6400000,0x00000000dfb00000)
  from space 12800K, 66% used [0x00000000dfb00000,0x00000000e0353698,0x00000000e0780000)
  to   space 12800K, 0% used [0x00000000e3880000,0x00000000e3880000,0x00000000e4500000)
 ParOldGen       total 59392K, used 9362K [0x0000000082c00000, 0x0000000086600000, 0x00000000d6400000)
  object space 59392K, 15% used [0x0000000082c00000,0x0000000083524bd0,0x0000000086600000)
 Metaspace       used 33566K, capacity 35438K, committed 35496K, reserved 1079296K
  class space    used 4426K, capacity 4765K, committed 4776K, reserved 1048576K
}
Event: 3.802 GC heap before
{Heap before GC invocations=11 (full 2):
 PSYoungGen      total 167424K, used 8525K [0x00000000d6400000, 0x00000000e4500000, 0x0000000100000000)
  eden space 154624K, 0% used [0x00000000d6400000,0x00000000d6400000,0x00000000dfb00000)
  from space 12800K, 66% used [0x00000000dfb00000,0x00000000e0353698,0x00000000e0780000)
  to   space 12800K, 0% used [0x00000000e3880000,0x00000000e3880000,0x00000000e4500000)
 ParOldGen       total 59392K, used 9362K [0x0000000082c00000, 0x0000000086600000, 0x00000000d6400000)
  object space 59392K, 15% used [0x0000000082c00000,0x0000000083524bd0,0x0000000086600000)
 Metaspace       used 33566K, capacity 35438K, committed 35496K, reserved 1079296K
  class space    used 4426K, capacity 4765K, committed 4776K, reserved 1048576K
Event: 3.855 GC heap after
Heap after GC invocations=11 (full 2):
 PSYoungGen      total 167424K, used 0K [0x00000000d6400000, 0x00000000e4500000, 0x0000000100000000)
  eden space 154624K, 0% used [0x00000000d6400000,0x00000000d6400000,0x00000000dfb00000)
  from space 12800K, 0% used [0x00000000dfb00000,0x00000000dfb00000,0x00000000e0780000)
  to   space 12800K, 0% used [0x00000000e3880000,0x00000000e3880000,0x00000000e4500000)
 ParOldGen       total 84480K, used 12611K [0x0000000082c00000, 0x0000000087e80000, 0x00000000d6400000)
  object space 84480K, 14% used [0x0000000082c00000,0x0000000083850f50,0x0000000087e80000)
 Metaspace       used 33566K, capacity 35438K, committed 35496K, reserved 1079296K
  class space    used 4426K, capacity 4765K, committed 4776K, reserved 1048576K
}
Event: 10.134 GC heap before
{Heap before GC invocations=12 (full 2):
 PSYoungGen      total 167424K, used 154624K [0x00000000d6400000, 0x00000000e4500000, 0x0000000100000000)
  eden space 154624K, 100% used [0x00000000d6400000,0x00000000dfb00000,0x00000000dfb00000)
  from space 12800K, 0% used [0x00000000dfb00000,0x00000000dfb00000,0x00000000e0780000)
  to   space 12800K, 0% used [0x00000000e3880000,0x00000000e3880000,0x00000000e4500000)
 ParOldGen       total 84480K, used 12611K [0x0000000082c00000, 0x0000000087e80000, 0x00000000d6400000)
  object space 84480K, 14% used [0x0000000082c00000,0x0000000083850f50,0x0000000087e80000)
 Metaspace       used 51839K, capacity 54518K, committed 54824K, reserved 1095680K
  class space    used 7210K, capacity 7661K, committed 7720K, reserved 1048576K
Event: 10.152 GC heap after
Heap after GC invocations=12 (full 2):
 PSYoungGen      total 209920K, used 12792K [0x00000000d6400000, 0x00000000e4680000, 0x0000000100000000)
  eden space 197120K, 0% used [0x00000000d6400000,0x00000000d6400000,0x00000000e2480000)
  from space 12800K, 99% used [0x00000000e3880000,0x00000000e44fe3b0,0x00000000e4500000)
  to   space 17408K, 0% used [0x00000000e2480000,0x00000000e2480000,0x00000000e3580000)
 ParOldGen       total 84480K, used 20319K [0x0000000082c00000, 0x0000000087e80000, 0x00000000d6400000)
  object space 84480K, 24% used [0x0000000082c00000,0x0000000083fd7df8,0x0000000087e80000)
 Metaspace       used 51839K, capacity 54518K, committed 54824K, reserved 1095680K
  class space    used 7210K, capacity 7661K, committed 7720K, reserved 1048576K
}
Event: 11.076 GC heap before
{Heap before GC invocations=13 (full 2):
 PSYoungGen      total 209920K, used 102330K [0x00000000d6400000, 0x00000000e4680000, 0x0000000100000000)
  eden space 197120K, 45% used [0x00000000d6400000,0x00000000dbb706b8,0x00000000e2480000)
  from space 12800K, 99% used [0x00000000e3880000,0x00000000e44fe3b0,0x00000000e4500000)
  to   space 17408K, 0% used [0x00000000e2480000,0x00000000e2480000,0x00000000e3580000)
 ParOldGen       total 84480K, used 20319K [0x0000000082c00000, 0x0000000087e80000, 0x00000000d6400000)
  object space 84480K, 24% used [0x0000000082c00000,0x0000000083fd7df8,0x0000000087e80000)
 Metaspace       used 56161K, capacity 59038K, committed 59160K, reserved 1099776K
  class space    used 7765K, capacity 8255K, committed 8360K, reserved 1048576K
Event: 11.089 GC heap after
Heap after GC invocations=13 (full 2):
 PSYoungGen      total 214528K, used 12306K [0x00000000d6400000, 0x00000000e7b00000, 0x0000000100000000)
  eden space 197120K, 0% used [0x00000000d6400000,0x00000000d6400000,0x00000000e2480000)
  from space 17408K, 70% used [0x00000000e2480000,0x00000000e3084888,0x00000000e3580000)
  to   space 18432K, 0% used [0x00000000e6900000,0x00000000e6900000,0x00000000e7b00000)
 ParOldGen       total 84480K, used 20327K [0x0000000082c00000, 0x0000000087e80000, 0x00000000d6400000)
  object space 84480K, 24% used [0x0000000082c00000,0x0000000083fd9df8,0x0000000087e80000)
 Metaspace       used 56161K, capacity 59038K, committed 59160K, reserved 1099776K
  class space    used 7765K, capacity 8255K, committed 8360K, reserved 1048576K
}
Event: 11.089 GC heap before
{Heap before GC invocations=14 (full 3):
 PSYoungGen      total 214528K, used 12306K [0x00000000d6400000, 0x00000000e7b00000, 0x0000000100000000)
  eden space 197120K, 0% used [0x00000000d6400000,0x00000000d6400000,0x00000000e2480000)
  from space 17408K, 70% used [0x00000000e2480000,0x00000000e3084888,0x00000000e3580000)
  to   space 18432K, 0% used [0x00000000e6900000,0x00000000e6900000,0x00000000e7b00000)
 ParOldGen       total 84480K, used 20327K [0x0000000082c00000, 0x0000000087e80000, 0x00000000d6400000)
  object space 84480K, 24% used [0x0000000082c00000,0x0000000083fd9df8,0x0000000087e80000)
 Metaspace       used 56161K, capacity 59038K, committed 59160K, reserved 1099776K
  class space    used 7765K, capacity 8255K, committed 8360K, reserved 1048576K
Event: 11.251 GC heap after
Heap after GC invocations=14 (full 3):
 PSYoungGen      total 214528K, used 0K [0x00000000d6400000, 0x00000000e7b00000, 0x0000000100000000)
  eden space 197120K, 0% used [0x00000000d6400000,0x00000000d6400000,0x00000000e2480000)
  from space 17408K, 0% used [0x00000000e2480000,0x00000000e2480000,0x00000000e3580000)
  to   space 18432K, 0% used [0x00000000e6900000,0x00000000e6900000,0x00000000e7b00000)
 ParOldGen       total 120832K, used 22893K [0x0000000082c00000, 0x000000008a200000, 0x00000000d6400000)
  object space 120832K, 18% used [0x0000000082c00000,0x000000008425b580,0x000000008a200000)
 Metaspace       used 56153K, capacity 59026K, committed 59160K, reserved 1099776K
  class space    used 7764K, capacity 8253K, committed 8360K, reserved 1048576K
}

